┌─[com@puter] - [~] - [1914]
└─[$] ssh ui@10.2.0.2                                                                                               [15:26:59]
ui@10.2.0.2's password: 


BusyBox v1.25.1 () built-in shell (ash)


  ___ ___      .__________.__
 |   |   |____ |__\_  ____/__|
 |   |   /    \|  ||  __) |  |   (c) 2010-2023
 |   |  |   |  \  ||  \   |  |   Ubiquiti Inc.
 |______|___|  /__||__/   |__|
            |_/                  https://www.ui.com

      Welcome to UniFi U6-Enterprise!

********************************* NOTICE **********************************
* By logging in to, accessing, or using any Ubiquiti product, you are     *
* signifying that you have read our Terms of Service (ToS) and End User   *
* License Agreement (EULA), understand their terms, and agree to be       *
* fully bound to them. The use of SSH (Secure Shell) can potentially      *
* harm Ubiquiti devices and result in lost access to them and their data. *
* By proceeding, you acknowledge that the use of SSH to modify device(s)  *
* outside of their normal operational scope, or in any manner             *
* inconsistent with the ToS or EULA, will permanently and irrevocably     *
* void any applicable warranty.                                           *
***************************************************************************

U6-Enterprise-BZ.6.6.77# set-inform http://10.3.0.7:8080/inform

Adoption request sent to 'http://10.3.0.7:8080/inform'.  Use UniFi Network to complete the adopt process.
 
U6-Enterprise-BZ.6.6.77# Connection to 10.2.0.2 closed by remote host.
Connection to 10.2.0.2 closed.
